<?xml version="1.0" encoding="UTF-8"?>
<!-- Generated by org.testng.reporters.JUnitXMLReporter -->
<testsuite hostname="user-PC" ignored="3" name="Default test" tests="1" failures="0" timestamp="15 Oct 2020 21:01:39 GMT" time="28.639" errors="0">
  <testcase name="verifylogoLabelTest" time="0.201" classname="com.qa.store.test.MainPageTest"/>
  <testcase name="verifycontactLinkTest" time="0.0" classname="com.qa.store.test.MainPageTest">
    <ignored/>
  </testcase> <!-- verifycontactLinkTest -->
  <testcase name="verifysignInLinkTest" time="0.0" classname="com.qa.store.test.MainPageTest">
    <ignored/>
  </testcase> <!-- verifysignInLinkTest -->
  <testcase name="verifymainPageTitleTest" time="0.0" classname="com.qa.store.test.MainPageTest">
    <ignored/>
  </testcase> <!-- verifymainPageTitleTest -->
</testsuite> <!-- Default test -->
