<?xml version="1.0" encoding="UTF-8"?>
<testng-results skipped="0" failed="0" ignored="3" total="4" passed="1">
  <reporter-output>
  </reporter-output>
  <suite name="Default suite" duration-ms="28639" started-at="2020-10-15T21:01:10Z" finished-at="2020-10-15T21:01:39Z">
    <groups>
    </groups>
    <test name="Default test" duration-ms="28639" started-at="2020-10-15T21:01:10Z" finished-at="2020-10-15T21:01:39Z">
      <class name="com.qa.store.test.MainPageTest">
        <test-method status="PASS" signature="setUp()[pri:0, instance:com.qa.store.test.MainPageTest@3884b2]" name="setUp" is-config="true" duration-ms="26970" started-at="2020-10-15T21:01:10Z" finished-at="2020-10-15T21:01:37Z">
          <reporter-output>
          </reporter-output>
        </test-method> <!-- setUp -->
        <test-method status="PASS" signature="verifylogoLabelTest()[pri:2, instance:com.qa.store.test.MainPageTest@3884b2]" name="verifylogoLabelTest" duration-ms="201" started-at="2020-10-15T21:01:37Z" finished-at="2020-10-15T21:01:37Z">
          <reporter-output>
          </reporter-output>
        </test-method> <!-- verifylogoLabelTest -->
        <test-method status="PASS" signature="tearDown()[pri:0, instance:com.qa.store.test.MainPageTest@3884b2]" name="tearDown" is-config="true" duration-ms="1392" started-at="2020-10-15T21:01:37Z" finished-at="2020-10-15T21:01:39Z">
          <reporter-output>
          </reporter-output>
        </test-method> <!-- tearDown -->
      </class> <!-- com.qa.store.test.MainPageTest -->
    </test> <!-- Default test -->
  </suite> <!-- Default suite -->
</testng-results>
