<?xml version="1.0" encoding="UTF-8"?>
<!-- Generated by org.testng.reporters.JUnitXMLReporter -->
<testsuite hostname="user-PC" ignored="0" name="LogoStore Application Test" tests="4" failures="1" timestamp="15 Oct 2020 20:54:45 GMT" time="92.789" errors="0">
  <testcase name="verifymainPageTitleTest" time="0.043" classname="com.qa.store.test.MainPageTest"/>
  <testcase name="verifyverifylogoLabelTest" time="1.344" classname="com.qa.store.test.MainPageTest">
    <failure type="java.lang.AssertionError" message="expected [TestCase Fail if Logo is not present] but found [true]">
      <![CDATA[java.lang.AssertionError: expected [TestCase Fail if Logo is not present] but found [true]
at com.qa.store.test.MainPageTest.verifyverifylogoLabelTest(MainPageTest.java:45)
... Removed 30 stack frames]]>
    </failure>
  </testcase> <!-- verifyverifylogoLabelTest -->
  <testcase name="verifycontactLinkTest" time="1.411" classname="com.qa.store.test.MainPageTest"/>
  <testcase name="verifysignInLinkTest" time="3.011" classname="com.qa.store.test.MainPageTest"/>
</testsuite> <!-- LogoStore Application Test -->
